[14:40:38] [main/INFO]: Loading Minecraft 1.21.1 with Fabric Loader 0.16.3
[14:40:38] [main/INFO]: Loading 4 mods:
	- fabricloader 0.16.3
	   \-- mixinextras 0.4.1
	- java 21
	- minecraft 1.21.1
[14:40:38] [main/INFO]: SpongePowered MIXIN Subsystem Version=0.8.7 Source=file:/workspaces/cobblemon/servidor_minecraft/libraries/net/fabricmc/sponge-mixin/0.15.2+mixin.0.8.7/sponge-mixin-0.15.2+mixin.0.8.7.jar Service=Knot/Fabric Env=SERVER
[14:40:44] [main/INFO]: Environment: Environment[sessionHost=https://sessionserver.mojang.com, servicesHost=https://api.minecraftservices.com, name=PROD]
[14:40:45] [main/INFO]: No existing world data, creating new world
[14:40:45] [main/INFO]: Loaded 1290 recipes
[14:40:46] [main/INFO]: Loaded 1399 advancements
[14:40:46] [Server thread/INFO]: Starting minecraft server version 1.21.1
[14:40:46] [Server thread/INFO]: Loading properties
[14:40:46] [Server thread/INFO]: Default game type: SURVIVAL
[14:40:46] [Server thread/INFO]: Generating keypair
[14:40:46] [Server thread/INFO]: Starting Minecraft server on *:25565
[14:40:46] [Server thread/INFO]: Using epoll channel type
[14:40:46] [Server thread/WARN]: **** SERVER IS RUNNING IN OFFLINE/INSECURE MODE!
[14:40:46] [Server thread/WARN]: The server will make no attempt to authenticate usernames. Beware.
[14:40:46] [Server thread/WARN]: While this makes the game possible to play without internet access, it also opens up the ability for hackers to connect with any username they choose.
[14:40:46] [Server thread/WARN]: To change this, set "online-mode" to "true" in the server.properties file.
[14:40:46] [Server thread/INFO]: Preparing level "world"
[14:40:54] [Server thread/INFO]: Preparing start region for dimension minecraft:overworld
[14:40:54] [Worker-Main-2/INFO]: Preparing spawn area: 2%
[14:40:54] [Worker-Main-1/INFO]: Preparing spawn area: 2%
[14:40:55] [Worker-Main-2/INFO]: Preparing spawn area: 2%
[14:40:55] [Worker-Main-2/INFO]: Preparing spawn area: 2%
[14:40:56] [Worker-Main-2/INFO]: Preparing spawn area: 18%
[14:40:56] [Worker-Main-2/INFO]: Preparing spawn area: 18%
[14:40:57] [Worker-Main-3/INFO]: Preparing spawn area: 18%
[14:40:57] [Worker-Main-1/INFO]: Preparing spawn area: 51%
[14:40:58] [Worker-Main-2/INFO]: Preparing spawn area: 51%
[14:40:58] [Worker-Main-1/INFO]: Preparing spawn area: 51%
[14:40:58] [Server thread/INFO]: Time elapsed: 4808 ms
[14:40:58] [Server thread/INFO]: Done (12.046s)! For help, type "help"
[14:42:48] [Server thread/INFO]: TheMex21[/127.254.90.81:35185] logged in with entity id 5 at (-4.5, 65.0, 40.5)
[14:42:48] [Server thread/INFO]: TheMex21 joined the game
[14:43:18] [Server thread/INFO]: TheMex21 lost connection: Disconnected
[14:43:18] [Server thread/INFO]: TheMex21 left the game
